<?xml version="1.0" encoding="UTF-8"?>
<!-- Generated by org.testng.reporters.JUnitReportReporter -->
<testsuite skipped="0" hostname="Inspiron" name="test.SelectTest" tests="1" failures="0" timestamp="2020-01-07T12:00:18 EST" time="22.837" errors="0">
  <testcase name="selectTest" time="22.837" classname="test.SelectTest"/>
</testsuite> <!-- test.SelectTest -->
