<?xml version="1.0" encoding="UTF-8"?>
<!-- Generated by org.testng.reporters.JUnitReportReporter -->
<testsuite skipped="0" hostname="Inspiron" name="test.LoginTest" tests="2" failures="0" timestamp="2020-01-07T11:32:05 EST" time="55.236" errors="0">
  <testcase name="validlogintotechfios" time="28.403" classname="test.LoginTest"/>
  <testcase name="invalidlogintotechfios" time="26.833" classname="test.LoginTest"/>
</testsuite> <!-- test.LoginTest -->
